Changing to Mac App bundle directory: /Applications/ZEsarUX.app/Contents/MacOS/
ZEsarUX - ZX Second-Emulator And Released for UniX
https://github.com/chernandezba/zesarux

Copyright (C) 2013 Cesar Hernandez Bano

ZEsarUX is free software: you can redistribute it and/or modify
it under the terms of the GNU General Public License as published by
the Free Software Foundation, either version 3 of the License, or
(at your option) any later version.

This program is distributed in the hope that it will be useful,
but WITHOUT ANY WARRANTY; without even the implied warranty of
MERCHANTABILITY or FITNESS FOR A PARTICULAR PURPOSE.  See the
GNU General Public License for more details.

You should have received a copy of the GNU General Public License
along with this program.  If not, see <https://www.gnu.org/licenses/>.

Please read the other licenses used in ZEsarUX, from the menu Help->Licenses or just open files from licenses/ folder


ZEsarUX 13.0 - The Way of the Exploding Fist edition. 09 June 2026

Info:     Setting lightgun type Gunstick Sinclair 1
Info:     Inserting recent file /Applications/zesarux.app/Contents/Resources/128.rom at position 0
Info:     Inserting recent file /tmp/zesarux-501/download/alert.p at position 0
Info:     Inserting recent file /Applications/zesarux.app/Contents/Resources/my_soft/spectrum/3dbasic.tap at position 0
Info:     Inserting recent file /Users/mpasternak/Programowanie/wonsz/wonsz.tap at position 0
Info:     Enabling RealVideo
Info:     Parameter changeslowparameters not enabled. Do not change any frameskip or realvideo parameters
Debug:    Storing window geometry at 0 index array, name helpshowkeyboard, 8,21 35X14 (35X14 before minimize)
Debug:    Storing window geometry at 1 index array, name displaypalettes, 0,0 32X24 (32X24 before minimize)
Debug:    Storing window geometry at 2 index array, name filesel, 6,7 32X24 (32X24 before minimize)
Debug:    Storing window geometry at 3 index array, name visualrealtape, 0,0 32X24 (32X24 before minimize)
Info:     Setting joystick type Kempston
Shannon and Bill say this can't happen ... Just kidding ;)

Info:     Initializing cpu flags tables
Debug:    Initializing ULAplus rgb color table conversion
Debug:    Initializing ULAplus 64 colour table to black
Info:     Creating colour tables for 39745 colours
Debug:    Init CPC Line Display Table
Info:     Allocating 2097152 bytes for visualmem write buffer
Info:     Allocating 2097152 bytes for visualmem read buffer
Info:     Allocating 2097152 bytes for visualmem opcode buffer
Info:     Allocating 1048576 bytes for visualmem mmc read buffer
Info:     Allocating 1048576 bytes for visualmem mmc write buffer
Info:     Allocating 524288 bytes for visualmem HiLow read buffer
Info:     Allocating 524288 bytes for visualmem HiLow write buffer
Info:     Allocating 200406 bytes for visualmem Microdrive read buffer
Info:     Allocating 200406 bytes for visualmem Microdrive write buffer
Debug:    Initializing contend-zero tables for cpu speed > 1X
Info:     Running OS Release: Darwin
Info:     Running machine hardware name: arm64
Info:     Starting emulator
Info:     Using phtreads
Info:     Disabling Silence Detector
Info:     Initializing Machine
Debug:    Stop current timer ID timer 5
Debug:    Timer has not been assigned. Return without stopping any timer
Debug:    Start timer. Available timers:
Debug:    Timer 0 Name: [end] ID timer 4
Debug:    Try available timers in order
Debug:    All timers failed initialization. Fallback to date timer
Info:     Setting timer_sleep_machine to 20000 us
Info:     Setting Spectrum CPU core
Info:     Parameter changeslowparameters not enabled. Do not change any frameskip or realvideo parameters
Info:     Creating colour tables for 39745 colours
Info:     Setting machine ZX-Uno
Info:     Recalculate get_total_ancho_rainbow
Info:     Recalculate get_total_alto_rainbow
Info:     Allocating 4767744 bytes for Machine memory
Debug:    Initializing Chloe memory pages
Info:     Loading ROM
Info:     Looking for file zxuno_bootloader.rom from current dir
Info:     Looking for file ../Resources/zxuno_bootloader.rom
Info:     Found on path ../Resources/zxuno_bootloader.rom
Debug:    Rom file [zxuno_bootloader.rom] size: [8126]
Debug:    Read 8126 bytes of rom file zxuno_bootloader.rom
Info:     Looking for file zxuno.flash from current dir
Info:     Looking for file ../Resources/zxuno.flash
Info:     Found on path ../Resources/zxuno.flash
Info:     ZX-Uno: Checking if loading additional 64kb block (parameter --zxuno-initial-64k)
Info:     Initializing Contended Memory Table
Debug:    Setting contend tables for 1X and recalculating them
Info:     Initializing two rainbow video buffer of size: 352 x 304 , 214720 bytes each
Info:     Initializing putpixel_cache
Info:     Initializing putpixel_cache of size: 923648 bytes
Info:     Clearing putpixel cache
Info:     Setting GUI menu zoom to 1
Debug:    Allocating memory for menu layers 704 X 656
Debug:    Returning reallocate layers as there are no active menu
Info:     Apply MASTERCONF.I2KB change: issue3
Info:     Apply MASTERCONF.TIMING change: 48k
Info:     Initializing Contended Memory Table
Debug:    Setting contend tables for 1X and recalculating them
Info:     Apply MASTERCONF.DISCONT change: enabled
Info:     Initializing Contended Memory Table
Debug:    Setting contend tables for 1X and recalculating them
Info:     Apply MASTERCONF.DIVEN change: disabled
Info:     Disabling divmmc diviface paging
Info:     Apply DEVCONTROL.DISD change: disabled
Info:     Enabling divmmc mmc ports
Info:     Apply DEVCONTROL.DIAY change: enabled
Info:     Apply DEVCONTROL.DITAY change: enabled
Info:     Set zxuno turbo mode 1 with pc=0
Info:     Changing turbo mode from 1X to 1X
Debug:    Stop current timer ID timer 1
Debug:    Can not stop current timer as it can not be found
Debug:    Start timer. Available timers:
Debug:    Timer 0 Name: [end] ID timer 4
Debug:    Try available timers in order
Debug:    All timers failed initialization. Fallback to date timer
Info:     Setting timer_sleep_machine to 20000 us
Info:     Setting Spectrum CPU core
Info:     Parameter changeslowparameters not enabled. Do not change any frameskip or realvideo parameters
Info:     Setting machine ZX-Uno
Info:     Recalculate get_total_ancho_rainbow
Info:     Recalculate get_total_alto_rainbow
Debug:    Setting contend tables for 1X and not recalculating them
Info:     Recalculate get_total_ancho_rainbow
Info:     Recalculate get_total_alto_rainbow
Debug:    Called to cpu_set_turbo_speed. cpu_turbo_speed: 1 t-states per line: 224
Info:     Initializing putpixel_cache
Info:     Freeing previous putpixel_cache
Info:     Initializing putpixel_cache of size: 923648 bytes
Info:     Clearing putpixel cache
Info:     Apply DEVCTRL2.DITIMEX change: enabled
Debug:    Enabling Timex Video
Info:     Enabling RealVideo
Info:     Clearing putpixel cache
Info:     Apply DEVCTRL2.DIULAPLUS change: enabled
Info:     Enabling ULAplus
Info:     Disable scanlines
Info:     Disable gigascreen
Info:     Enabling RealVideo
Info:     Clearing putpixel cache
Info:     Reset cpu
Info:     Initializing AY Chip
Info:     Setting AY chip frequency to 1773400 HZ
Info:     Initializing SN Chip
Info:     Setting SN chip frequency to 3579545 HZ
Info:     Initializing CPU Statistics Counter Array
Debug:    Disabling ULAplus (mode 0)
Debug:    Disabling ULAplus (extended mode 0)
Info:     Setting GUI menu zoom to 1
Debug:    Preparing available timers. Initials:
Debug:    Timer 0 Name: [end] ID timer 4
Debug:    Add timer date to top
Debug:    Add timer usleep to top
Debug:    Available timers after adding some:
Debug:    Timer 0 Name: [usleep] ID timer 0
Debug:    Timer 1 Name: [date] ID timer 1
Debug:    Timer 2 Name: [end] ID timer 4
Debug:    Remove timer id 0
Debug:    Add timer usleep to bottom
Debug:    Available timers:
Debug:    Timer 0 Name: [date] ID timer 1
Debug:    Timer 1 Name: [usleep] ID timer 0
Debug:    Timer 2 Name: [end] ID timer 4
Info:     Initializing Video Driver
Info:     Init COCOA(OpenGL) Video Driver
Info:     Loading keymap
Debug:    Allocating memory for menu layers 704 X 656
Debug:    Returning reallocate layers as there are no active menu
Debug:    Add timer mac to top
Info:     Initializing putpixel_cache
Info:     Freeing previous putpixel_cache
Info:     Initializing putpixel_cache of size: 923648 bytes
Info:     Clearing putpixel cache
Debug:    Stop current timer ID timer 1
Debug:    Start timer. Available timers:
Debug:    Timer 0 Name: [mac] ID timer 3
Debug:    Timer 1 Name: [date] ID timer 1
Debug:    Timer 2 Name: [usleep] ID timer 0
Debug:    Timer 3 Name: [end] ID timer 4
Debug:    Try available timers in order
Debug:    Trying mac timer initialization
Debug:    Initializing Mac timer for 20000 microsec
Info:     Setting putpixel functions to variable zoom
Info:     init_footer
Debug:    Clearing Footer
Debug:    Showing ZEsarUX footer message
Info:     Parameter changeslowparameters not enabled. Do not change any frameskip or realvideo parameters
Info:     Initializing Audio
Debug:    Emptying audio buffer
Info:     Init CoreAudio Driver, 15600 Hz
Info:     Initializing AY Chip
Info:     Setting AY chip frequency to 1773400 HZ
Info:     Initializing SN Chip
Info:     Setting SN chip frequency to 3579545 HZ
Info:     Do not create default icons because icons on zx desktop are disabled or zx desktop disabled
Debug:    Drawing ZEsarUX splash logo, step 0
Info:     Clearing putpixel cache
Debug:    Allocating memory for menu layers 704 X 656
Debug:    Clearing layer menu
Info:     Clearing putpixel cache
Debug:    Loading help search index. Menu title: [Main Menu]
Debug:    Loading help search index. Menu entry: [Smart load]
Debug:    Loading help search index. Menu entry: [Snapshot]
Debug:    Loading help search index. Menu entry: [Machine]
Debug:    Loading help search index. Menu entry: [Audio]
Debug:    Loading help search index. Menu entry: [Display]
Debug:    Loading help search index. Menu entry: [Storage]
Debug:    Loading help search index. Menu entry: [Debug]
Debug:    Loading help search index. Menu entry: [Network]
Debug:    Loading help search index. Menu entry: [Settings]
Debug:    Loading help search index. Menu entry: [Search menu]
Debug:    Loading help search index. Menu entry: [Procrastinate]
Debug:    Loading help search index. Menu entry: [Help]
Debug:    Loading help search index. Menu entry: [ESC Close menu]
Debug:    Loading help search index. Menu entry: [F10 Exit ZEsarUX]
Debug:    Loading help search index. Menu title: [Main Menu-> Procrastinate]
Debug:    Loading help search index. Menu entry: [ZXLife]
Debug:    Loading help search index. Menu entry: [ZXEyes]
Debug:    Loading help search index. Menu entry: [ESC Close]
Debug:    Loading help search index. Menu title: [Main Menu-> Display]
Debug:    Loading help search index. Menu entry: [Load Screen]
Debug:    Loading help search index. Menu entry: [Save Screen]
Debug:    Loading help search index. Menu entry: [Quicksave Screen]
Debug:    Loading help search index. Menu entry: [View Screen]
Debug:    Loading help search index. Menu entry: [Video Output]
Debug:    Loading help search index. Menu entry: [View Colour Palettes]
Debug:    Loading help search index. Menu entry: [On Screen Keyboard]
Debug:    Loading help search index. Menu entry: [Text Adventure Tools]
Debug:    Loading help search index. Menu entry: [ESC Close]
Debug:    Loading help search index. Menu title: [Main Menu-> Machine]
Debug:    Loading help search index. Menu entry: [--- Select manufacturer ---]
Debug:    Loading help search index. Menu entry: [Amstrad]
Debug:    Loading help search index. Menu entry: [Ascii Corp]
Debug:    Loading help search index. Menu entry: [Cambridge Computers]
Debug:    Loading help search index. Menu entry: [Chloe Corporation]
Debug:    Loading help search index. Menu entry: [Coleco Industries]
Debug:    Loading help search index. Menu entry: [Czerweny Electronica]
Debug:    Loading help search index. Menu entry: [Investronica]
Debug:    Loading help search index. Menu entry: [Jupiter Cantab]
Debug:    Loading help search index. Menu entry: [Mario Prato]
Debug:    Loading help search index. Menu entry: [Microdigital Eletronica]
Debug:    Loading help search index. Menu entry: [Miles Gordon Technology]
Debug:    Loading help search index. Menu entry: [NedoPC]
Debug:    Loading help search index. Menu entry: [New Horizons]
Debug:    Loading help search index. Menu entry: [Next Team]
Debug:    Loading help search index. Menu entry: [Pentagon]
Debug:    Loading help search index. Menu entry: [Science of Cambridge]
Debug:    Loading help search index. Menu entry: [Sega]
Debug:    Loading help search index. Menu entry: [Sinclair Research]
Debug:    Loading help search index. Menu entry: [Spectravideo Intl]
Debug:    Loading help search index. Menu entry: [Timex Computer]
Debug:    Loading help search index. Menu entry: [Timex Sinclair]
Debug:    Loading help search index. Menu entry: [TS Labs]
Debug:    Loading help search index. Menu entry: [ZXUno Team]
Debug:    Loading help search index. Menu entry: [ESC Close]
Debug:    Loading help search index. Menu title: [Main Menu-> Settings]
Debug:    Loading help search index. Menu entry: [Accessibility]
Debug:    Loading help search index. Menu entry: [Configuration file]
Debug:    Loading help search index. Menu entry: [Function keys]
Debug:    Loading help search index. Menu entry: [General]
Debug:    Loading help search index. Menu entry: [Hardware]
Debug:    Loading help search index. Menu entry: [Main Window]
Debug:    Loading help search index. Menu entry: [ZX Desktop]
Debug:    Loading help search index. Menu entry: [ZX Vision]
Debug:    Loading help search index. Menu entry: [[ ] Advanced menu items]
Debug:    Loading help search index. Menu entry: [ESC Close]
Debug:    Loading help search index. Menu title: [Main Menu-> Settings-> Hardware]
Debug:    Loading help search index. Menu entry: [Audio]
Debug:    Loading help search index. Menu entry: [Joystick]
Debug:    Loading help search index. Menu entry: [Keyboard]
Debug:    Loading help search index. Menu entry: [Mouse]
Debug:    Loading help search index. Menu entry: [Printer]
Debug:    Loading help search index. Menu entry: [Real joystick]
Debug:    Loading help search index. Menu entry: [Storage]
Debug:    Loading help search index. Menu entry: [Video]
Debug:    Loading help search index. Menu entry: [ESC Close]
Debug:    Loading help search index. Menu title: [Main Menu-> Settings-> Hardware -> Joystick]
Debug:    Loading help search index. Menu entry: [    Emulated Joystick [Kempston]]
Debug:    Loading help search index. Menu entry: [    Fire key 1 [Home]]
Debug:    Loading help search index. Menu entry: [    Fire key 2 [None]]
Debug:    Loading help search index. Menu entry: [    Fire key 3 [None]]
Debug:    Loading help search index. Menu entry: [    Fire key 4 [None]]
Debug:    Loading help search index. Menu entry: [ESC Close]
Debug:    Loading help search index. Menu title: [Main Menu-> Settings-> Hardware-> Real joystick]
Debug:    Loading help search index. Menu entry: [Joystick information]
Debug:    Loading help search index. Menu entry: [Autocalibrate value [16383]]
Debug:    Loading help search index. Menu entry: [Joystick to events]
Debug:    Loading help search index. Menu entry: [Joystick to keys]
Debug:    Loading help search index. Menu entry: [Steering wheel]
Debug:    Loading help search index. Menu entry: [Set events&keys to default]
Debug:    Loading help search index. Menu entry: [ESC Close]
Debug:    Loading help search index. Menu title: [Main Menu-> Settings Menu-> Hardware Settings-> Printer settings]
Debug:    Loading help search index. Menu entry: [[ ] ZX Printer]
Debug:    Loading help search index. Menu entry: [    Bitmap file []]
Debug:    Loading help search index. Menu entry: [    OCR file []]
Debug:    Loading help search index. Menu entry: [    Run COPY routine]
Debug:    Loading help search index. Menu entry: [ESC Close]
Debug:    Loading help search index. Menu title: [Main Menu-> Settings-> Main Window]
Debug:    Loading help search index. Menu entry: [[ ] Full Screen]
Debug:    Loading help search index. Menu entry: [[X] Border enabled]
Debug:    Loading help search index. Menu entry: [[X] Auto Frameskip]
Debug:    Loading help search index. Menu entry: [    Window Size Zoom [2]]
Debug:    Loading help search index. Menu entry: [[X] Autochange Zoom big display]
Debug:    Loading help search index. Menu entry: [ESC Close]
Debug:    Loading help search index. Menu title: [Main Menu-> Network]
Debug:    Loading help search index. Menu entry: [UART Bridge emulation]
Debug:    Loading help search index. Menu entry: [ZX81 online browser]
Debug:    Loading help search index. Menu entry: [Network traffic]
Debug:    Loading help search index. Menu entry: [--- Network Gaming ---]
Debug:    Loading help search index. Menu entry: [ZENG]
Debug:    Loading help search index. Menu entry: [ZENG Online Client]
Debug:    Loading help search index. Menu entry: [ESC Close]
Info:     Enabling ULAplus
Info:     Disable scanlines
Info:     Disable gigascreen
Info:     Enabling RealVideo
Info:     Clearing putpixel cache
Info:     Enabling mmc
Debug:    mmc file size: 67108864
Debug:    Filename: [/Applications/zesarux.app/Contents/MacOS/../Resources/tbblue.mmc] Extension: [mmc]
Debug:    mmc_size[tarjeta]: 67108864 sector_size: 9 (512)
Debug:    mmc_size[mmc_card_selected]: 67108864 cmult: 7 (512)
Info:     Opening MMC File /Applications/zesarux.app/Contents/MacOS/../Resources/tbblue.mmc
Debug:    device size: 256
Info:     Enabling divmmc diviface ports
Info:     Disabling divide diviface paging
Info:     Enabling diviface
Debug:    poke_byte_nested_handler is not enabled calling diviface_set_peek_poke_functions. Enabling
Debug:    Setting DIVIFACE poke / peek functions
Debug:    Filling nested function. ID: 0 Name: Diviface poke_byte
Debug:    Filling nested function. ID: 0 Name: Diviface poke_byte_no_time
Debug:    Filling nested function. ID: 0 Name: Diviface peek_byte
Debug:    Filling nested function. ID: 0 Name: Diviface peek_byte_no_time
Debug:    Enabling ESXDOS handler
Debug:    Clearing esxdos file handler open files list
Debug:    Stop current timer ID timer 3
Info:     Stopping Mac timer
Debug:    Stopped Mac timer
Debug:    Start timer. Available timers:
Debug:    Timer 0 Name: [mac] ID timer 3
Debug:    Timer 1 Name: [date] ID timer 1
Debug:    Timer 2 Name: [usleep] ID timer 0
Debug:    Timer 3 Name: [end] ID timer 4
Debug:    Try available timers in order
Debug:    Trying mac timer initialization
Debug:    Initializing Mac timer for 20000 microsec
Info:     See if we have to load snapshot...
Info:     ZENG Online: Initializing ZENG Online rooms
Debug:    Found previous uuid. Preserve it
Info:     Starting check updates pthread
Info:     Starting sending statistics pthread
Info:     Calling main loop emulator on a thread
Info:     Starting check yesterday users pthread
Info:     Set zxuno turbo mode 8 with pc=50
Info:     Changing turbo mode from 1X to 8X
Debug:    Restoring original poke / peek functions before DIVIFACE
Debug:    Freeing element id 0 name Diviface poke_byte
Debug:    poke_byte nested empty. Assign normal poke_byte normal
Debug:    Freeing element id 0 name Diviface poke_byte_no_time
Debug:    poke_byte_no_time nested empty. Assign normal poke_byte_no_time normal
Debug:    Freeing element id 0 name Diviface peek_byte
Debug:    peek_byte nested empty. Assign normal peek_byte
Debug:    Freeing element id 0 name Diviface peek_byte_no_time
Debug:    peek_byte_no_time nested empty. Assign normal peek_byte_no_time
Debug:    Stop current timer ID timer 3
Info:     Stopping Mac timer
Info:     Joystick has been plugged
Info:     Joystick product 0x2009 vendor 0x57e
Info:     Releasing alt when losing window focus (to avoid alt pressed when alt-tab key combination pressed)
Debug:    Stopped Mac timer
Debug:    Start timer. Available timers:
Debug:    Timer 0 Name: [mac] ID timer 3
Debug:    Timer 1 Name: [date] ID timer 1
Debug:    Timer 2 Name: [usleep] ID timer 0
Debug:    Timer 3 Name: [end] ID timer 4
Debug:    Try available timers in order
Debug:    Trying mac timer initialization
Debug:    Initializing Mac timer for 20000 microsec
Info:     Setting timer_sleep_machine to 20000 us
Info:     Setting Spectrum CPU core
Info:     Parameter changeslowparameters not enabled. Do not change any frameskip or realvideo parameters
Info:     Loading keymap
Info:     Setting machine ZX-Uno
Info:     Recalculate get_total_ancho_rainbow
Info:     Recalculate get_total_alto_rainbow
Debug:    Setting contend-zero tables for cpu speed > 1X and not recalculating them
Info:     Recalculate get_total_ancho_rainbow
Info:     Recalculate get_total_alto_rainbow
Debug:    Called to cpu_set_turbo_speed. cpu_turbo_speed: 8 t-states per line: 1792
Info:     Initializing putpixel_cache
Info:     Freeing previous putpixel_cache
Info:     Initializing putpixel_cache of size: 923648 bytes
Info:     Clearing putpixel cache
Debug:    poke_byte_nested_handler is not enabled calling diviface_set_peek_poke_functions. Enabling
Debug:    Setting DIVIFACE poke / peek functions
Debug:    Filling nested function. ID: 0 Name: Diviface poke_byte
Debug:    Filling nested function. ID: 0 Name: Diviface poke_byte_no_time
Debug:    Filling nested function. ID: 0 Name: Diviface peek_byte
Debug:    Filling nested function. ID: 0 Name: Diviface peek_byte_no_time
Debug:    Write FLASHCS. Value: 1 not selected
Debug:    Write Mastermapper. Bank=8
Debug:    Write FLASHCS. Value: 0 selected
Debug:    Write SPI. SPI Read data command, received start Address: 0x008000
Info:     Make zxdesktop switch button visible
Info:     Clearing putpixel cache
Info:     init_footer
Debug:    Clearing Footer
Debug:    Showing ZEsarUX footer message
Info:     Set zxuno turbo mode 1 with pc=50
Info:     Changing turbo mode from 8X to 1X
Debug:    Restoring original poke / peek functions before DIVIFACE
Debug:    Freeing element id 0 name Diviface poke_byte
Debug:    poke_byte nested empty. Assign normal poke_byte normal
Debug:    Freeing element id 0 name Diviface poke_byte_no_time
Debug:    poke_byte_no_time nested empty. Assign normal poke_byte_no_time normal
Debug:    Freeing element id 0 name Diviface peek_byte
Debug:    peek_byte nested empty. Assign normal peek_byte
Debug:    Freeing element id 0 name Diviface peek_byte_no_time
Debug:    peek_byte_no_time nested empty. Assign normal peek_byte_no_time
Debug:    Stop current timer ID timer 3
Info:     Stopping Mac timer
Debug:    Stopped Mac timer
Debug:    Start timer. Available timers:
Debug:    Timer 0 Name: [mac] ID timer 3
Debug:    Timer 1 Name: [date] ID timer 1
Debug:    Timer 2 Name: [usleep] ID timer 0
Debug:    Timer 3 Name: [end] ID timer 4
Debug:    Try available timers in order
Debug:    Trying mac timer initialization
Debug:    Initializing Mac timer for 20000 microsec
Debug:    scrcocoa: resizeContentToWidth 704 X 656
Debug:    Allocating memory for menu layers 704 X 656
Debug:    Returning reallocate layers as the current size is the same as the new (704 X 656)
Info:     Clearing putpixel cache
Info:     Setting timer_sleep_machine to 20000 us
Info:     Setting Spectrum CPU core
Info:     Parameter changeslowparameters not enabled. Do not change any frameskip or realvideo parameters
Info:     Loading keymap
Info:     Setting machine ZX-Uno
Info:     Recalculate get_total_ancho_rainbow
Info:     Recalculate get_total_alto_rainbow
Debug:    Setting contend tables for 1X and not recalculating them
Info:     Recalculate get_total_ancho_rainbow
Info:     Recalculate get_total_alto_rainbow
Debug:    Called to cpu_set_turbo_speed. cpu_turbo_speed: 1 t-states per line: 224
Info:     Initializing putpixel_cache
Info:     Freeing previous putpixel_cache
Info:     Initializing putpixel_cache of size: 923648 bytes
Info:     Clearing putpixel cache
Debug:    poke_byte_nested_handler is not enabled calling diviface_set_peek_poke_functions. Enabling
Debug:    Setting DIVIFACE poke / peek functions
Debug:    Filling nested function. ID: 0 Name: Diviface poke_byte
Debug:    Filling nested function. ID: 0 Name: Diviface poke_byte_no_time
Debug:    Filling nested function. ID: 0 Name: Diviface peek_byte
Debug:    Filling nested function. ID: 0 Name: Diviface peek_byte_no_time
Debug:    Write Masterconf. BOOTM=0
Debug:    Write FLASHCS. Value: 1 not selected
Debug:    Write FLASHCS. Value: 0 selected
Debug:    Write SPI. SPI Read data command, received start Address: 0x006000
Info:     init_footer
Debug:    Clearing Footer
Debug:    Showing ZEsarUX footer message
Debug:    zsock_http Request:
GET /zesarux_yesterday_users.txt HTTP/1.0
Host: 51.83.33.13
User-Agent: ZEsarUX 13.0 Darwin
Accept-Encoding: identity


Debug:    Allocating max block for download: 1048576
Debug:    Write FLASHCS. Value: 1 not selected
Info:     Set zxuno turbo mode 4 with pc=356
Info:     Changing turbo mode from 1X to 4X
Debug:    Restoring original poke / peek functions before DIVIFACE
Debug:    Freeing element id 0 name Diviface poke_byte
Debug:    poke_byte nested empty. Assign normal poke_byte normal
Debug:    Freeing element id 0 name Diviface poke_byte_no_time
Debug:    poke_byte_no_time nested empty. Assign normal poke_byte_no_time normal
Debug:    Freeing element id 0 name Diviface peek_byte
Debug:    peek_byte nested empty. Assign normal peek_byte
Debug:    Freeing element id 0 name Diviface peek_byte_no_time
Debug:    peek_byte_no_time nested empty. Assign normal peek_byte_no_time
Debug:    Stop current timer ID timer 3
Info:     Stopping Mac timer
Debug:    Stopped Mac timer
Debug:    Start timer. Available timers:
Debug:    Timer 0 Name: [mac] ID timer 3
Debug:    Timer 1 Name: [date] ID timer 1
Debug:    Timer 2 Name: [usleep] ID timer 0
Debug:    Timer 3 Name: [end] ID timer 4
Debug:    Try available timers in order
Debug:    Trying mac timer initialization
Debug:    Initializing Mac timer for 20000 microsec
Info:     Setting timer_sleep_machine to 20000 us
Info:     Setting Spectrum CPU core
Info:     Parameter changeslowparameters not enabled. Do not change any frameskip or realvideo parameters
Info:     Loading keymap
Info:     Setting machine ZX-Uno
Info:     Recalculate get_total_ancho_rainbow
Info:     Recalculate get_total_alto_rainbow
Debug:    Setting contend-zero tables for cpu speed > 1X and not recalculating them
Info:     Recalculate get_total_ancho_rainbow
Info:     Recalculate get_total_alto_rainbow
Debug:    Called to cpu_set_turbo_speed. cpu_turbo_speed: 4 t-states per line: 896
Info:     Initializing putpixel_cache
Info:     Freeing previous putpixel_cache
Info:     Initializing putpixel_cache of size: 923648 bytes
Info:     Clearing putpixel cache
Debug:    poke_byte_nested_handler is not enabled calling diviface_set_peek_poke_functions. Enabling
Debug:    Setting DIVIFACE poke / peek functions
Debug:    Filling nested function. ID: 0 Name: Diviface poke_byte
Debug:    Filling nested function. ID: 0 Name: Diviface poke_byte_no_time
Debug:    Filling nested function. ID: 0 Name: Diviface peek_byte
Debug:    Filling nested function. ID: 0 Name: Diviface peek_byte_no_time
Debug:    zsock_http Request:
GET /check_updates/stable.txt HTTP/1.0
Host: 51.83.33.13
User-Agent: ZEsarUX 13.0 Darwin
Accept-Encoding: identity


Debug:    zsock_http Request:
GET /zesarux-stats?UUID=1686526624.660893&RUN_OS_RELEASE=Darwin&RUN_MCH_HW_NAME=arm64&COMPILE_OS=Darwin&COMPILE_OS_RELEASE=Darwin&COMPILE_MCH_HW_NAME=arm64&total_minutes_use=71&speccy_queries=0&zx81_queries=1&version=13.0&buildnumber=1781022734 HTTP/1.0
Host: 51.83.33.13
User-Agent: ZEsarUX 13.0 Darwin
Accept-Encoding: identity


Debug:    Allocating max block for download: 1048576
Debug:    Allocating max block for download: 1048576
Debug:    Write Masterconf. BOOTM=1
Debug:    Write Mastermapper. Bank=8
Debug:    Write Mastermapper. Bank=8
Debug:    Write Masterconf. BOOTM=0
Debug:    Read data on zsock_http (z_sock_read): 249 (current 0B estimated max 0B) chunk count: 8 (max 500)
Debug:    Read data on zsock_http (z_sock_read): 0 (current 249B estimated max 0B) chunk count: 8 (max 500)
Debug:    zsock_http: Total read data: 249
Debug:    yesterday_users string [108]
Info:     Finishing check yesterday_users pthread
Debug:    Write FLASHCS. Value: 0 selected
Debug:    Write SPI. Command 0x9F not implemented yet
Debug:    Read SPI. Read JEDEC ID (9Fh)
Debug:    Read SPI. Read JEDEC ID (9Fh)
Debug:    Read SPI. Read JEDEC ID (9Fh)
Debug:    Read SPI. Read JEDEC ID (9Fh)
Debug:    Write FLASHCS. Value: 1 not selected
Debug:    Read data on zsock_http (z_sock_read): 250 (current 0B estimated max 0B) chunk count: 12 (max 500)
Debug:    Read data on zsock_http (z_sock_read): 0 (current 250B estimated max 0B) chunk count: 12 (max 500)
Debug:    zsock_http: Total read data: 250
Debug:    Update version string [13.0]
Info:     Finishing check updates pthread
Debug:    Read data on zsock_http (z_sock_read): 327 (current 0B estimated max 0B) chunk count: 14 (max 500)
Debug:    Read data on zsock_http (z_sock_read): 0 (current 327B estimated max 0B) chunk count: 14 (max 500)
Debug:    zsock_http: Total read data: 327
Info:     Finishing sending statistics pthread
Debug:    Drawing ZEsarUX splash logo, step 1
Debug:    Trying to flush SPI FLASH to disk but no changes made
Debug:    Trying to flush MMC to disk but no changes made
Debug:    Drawing ZEsarUX splash logo, step 2
Debug:    Trying to flush SPI FLASH to disk but no changes made
Debug:    Trying to flush MMC to disk but no changes made
Debug:    joystick_release_fire
Debug:    Clearing layer menu
Info:     Clearing putpixel cache
Debug:    Clearing layer menu
Info:     Clearing putpixel cache
Debug:    End splash text
Debug:    Set first aid of the day to: donate
Info:     Clearing putpixel cache
Debug:    Allocating memory for menu layers 704 X 656
Debug:    Returning reallocate layers as the current size is the same as the new (704 X 656)
Debug:    Clearing layer menu
Info:     Clearing putpixel cache
Info:     Clearing putpixel cache
Debug:    Allocating memory for menu layers 704 X 656
Debug:    Returning reallocate layers as the current size is the same as the new (704 X 656)
Debug:    Clearing Footer
Info:     Allocating 306 bytes to initial text
Info:     Read 8 lines (word wrapped)
Info:     Freeing previous buffer for initial text
Info:     Clearing putpixel cache
Debug:    Clearing layer menu
Info:     Clearing putpixel cache
Debug:    Clearing layer menu
Info:     Clearing putpixel cache
Debug:    Clearing layer menu
Info:     Clearing putpixel cache
Info:     init_footer
Debug:    Clearing Footer
Debug:    Showing ZEsarUX footer message
Debug:    joystick_release_fire
Debug:    Clearing layer menu
Info:     Clearing putpixel cache
Info:     Clearing putpixel cache
Debug:    Allocating memory for menu layers 704 X 656
Debug:    Returning reallocate layers as the current size is the same as the new (704 X 656)
Debug:    Clearing Footer
Debug:    Menu was open by left mouse button
Debug:    Not pressed on buttons zone with menu closed
Info:     Clearing putpixel cache
Info:     Clearing putpixel cache
Info:     Clearing putpixel cache
Info:     Clearing putpixel cache
Info:     Clearing putpixel cache
Info:     Clearing putpixel cache
Info:     Clearing putpixel cache
Debug:    Trying to flush SPI FLASH to disk but no changes made
Debug:    Trying to flush MMC to disk but no changes made
Info:     Clearing putpixel cache
Info:     Clearing putpixel cache
Info:     Clearing putpixel cache
Info:     Clearing putpixel cache
Info:     Clearing putpixel cache
Info:     Clearing putpixel cache
Info:     Clearing putpixel cache
Info:     Clearing putpixel cache
Info:     Clearing putpixel cache
Debug:    ZXVISION_TOPMENU: Hide Top Menu when exiting menu_dibuja_menu
Debug:    Clearing layer menu
Info:     Clearing putpixel cache
Info:     Clearing putpixel cache
Debug:    Trying to flush SPI FLASH to disk but no changes made
Debug:    Trying to flush MMC to disk but no changes made
Info:     Releasing alt when losing window focus (to avoid alt pressed when alt-tab key combination pressed)
Info:     Clearing putpixel cache
Info:     Clearing putpixel cache
Info:     Clearing putpixel cache
Info:     Clearing putpixel cache
Debug:    Trying to flush SPI FLASH to disk but no changes made
Debug:    Trying to flush MMC to disk but no changes made
Info:     Releasing alt when losing window focus (to avoid alt pressed when alt-tab key combination pressed)
Debug:    Beeper Silence detected
Info:     Clearing putpixel cache
Info:     Set zxuno turbo mode 1 with pc=696
Info:     Changing turbo mode from 4X to 1X
Debug:    Restoring original poke / peek functions before DIVIFACE
Debug:    Freeing element id 0 name Diviface poke_byte
Debug:    poke_byte nested empty. Assign normal poke_byte normal
Debug:    Freeing element id 0 name Diviface poke_byte_no_time
Debug:    poke_byte_no_time nested empty. Assign normal poke_byte_no_time normal
Debug:    Freeing element id 0 name Diviface peek_byte
Debug:    peek_byte nested empty. Assign normal peek_byte
Debug:    Freeing element id 0 name Diviface peek_byte_no_time
Debug:    peek_byte_no_time nested empty. Assign normal peek_byte_no_time
Debug:    Stop current timer ID timer 3
Info:     Stopping Mac timer
Debug:    Stopped Mac timer
Debug:    Start timer. Available timers:
Debug:    Timer 0 Name: [mac] ID timer 3
Debug:    Timer 1 Name: [date] ID timer 1
Debug:    Timer 2 Name: [usleep] ID timer 0
Debug:    Timer 3 Name: [end] ID timer 4
Debug:    Try available timers in order
Debug:    Trying mac timer initialization
Debug:    Initializing Mac timer for 20000 microsec
Info:     Setting timer_sleep_machine to 20000 us
Info:     Setting Spectrum CPU core
Info:     Parameter changeslowparameters not enabled. Do not change any frameskip or realvideo parameters
Info:     Loading keymap
Info:     Setting machine ZX-Uno
Info:     Recalculate get_total_ancho_rainbow
Info:     Recalculate get_total_alto_rainbow
Debug:    Setting contend tables for 1X and not recalculating them
Info:     Recalculate get_total_ancho_rainbow
Info:     Recalculate get_total_alto_rainbow
Debug:    Called to cpu_set_turbo_speed. cpu_turbo_speed: 1 t-states per line: 224
Info:     Initializing putpixel_cache
Info:     Freeing previous putpixel_cache
Info:     Initializing putpixel_cache of size: 923648 bytes
Info:     Clearing putpixel cache
Debug:    poke_byte_nested_handler is not enabled calling diviface_set_peek_poke_functions. Enabling
Debug:    Setting DIVIFACE poke / peek functions
Debug:    Filling nested function. ID: 0 Name: Diviface poke_byte
Debug:    Filling nested function. ID: 0 Name: Diviface poke_byte_no_time
Debug:    Filling nested function. ID: 0 Name: Diviface peek_byte
Debug:    Filling nested function. ID: 0 Name: Diviface peek_byte_no_time
Debug:    Write Masterconf. BOOTM=1
Debug:    Write Mastermapper. Bank=12
Debug:    Write FLASHCS. Value: 0 selected
Debug:    Write SPI. SPI Read data command, received start Address: 0x004000
Debug:    Write FLASHCS. Value: 1 not selected
Debug:    Write Mastermapper. Bank=16
Info:     Releasing alt when losing window focus (to avoid alt pressed when alt-tab key combination pressed)
Debug:    Write Mastermapper. Bank=17
Debug:    Write Mastermapper. Bank=18
Debug:    Write Mastermapper. Bank=19
Debug:    Write Mastermapper. Bank=20
Debug:    Trying to flush SPI FLASH to disk but no changes made
Debug:    Trying to flush MMC to disk but no changes made
Debug:    Write Mastermapper. Bank=21
Debug:    Write Mastermapper. Bank=22
Debug:    Write Mastermapper. Bank=23
Debug:    Write Mastermapper. Bank=8
Debug:    Write FLASHCS. Value: 0 selected
Debug:    Write SPI. SPI Read data command, received start Address: 0x00c000
Debug:    Write FLASHCS. Value: 1 not selected
Debug:    Write Masterconf. BOOTM=0
Info:     Apply MASTERCONF.DIVEN change: enabled
Debug:    Write Devcontrol. Value=60
Debug:    Write DEVCTRL2. Value=2
Info:     Apply DEVCTRL2.DITIMEX change: disabled
Debug:    Disabling Timex Video
Debug:    ESXDOS handler: ESXDOS_RST8_DISK_STATUS. A register: 80H
Debug:    ESXDOS handler: ESXDOS_RST8_DISK_STATUS. A register: 88H
Debug:    ESXDOS handler: ESXDOS_RST8_DISK_INFO. A register: 00H
Debug:    ESXDOS handler: ESXDOS_RST8_F_MOUNT. A register: 08H
Debug:    ESXDOS handler: ESXDOS_RST8_M_DRIVE_INFO. A register: 00H
Debug:    Trying to flush SPI FLASH to disk but no changes made
Debug:    Trying to flush MMC to disk but no changes made
Debug:    ESXDOS handler: ESXDOS_RST8_F_OPEN. Mode: 01H File: [/SYS/ESXDOS.SYS]
Debug:    ESXDOS handler: FA_READ|
Debug:    ESXDOS handler: 
Debug:    ESXDOS handler: Opening file in system mode: [rb]
Debug:    ESXDOS handler: Free handle: 1
Debug:    ESXDOS handler: File /Applications/zesarux.app/Contents/MacOS/SYS/ESXDOS.SYS not found. Searching without case sensitive
Debug:    Searching file /SYS/ESXDOS.SYS in directory /Applications/zesarux.app/Contents/MacOS/
Debug:    ESXDOS handler: fullpath file: /Applications/zesarux.app/Contents/MacOS/SYS/ESXDOS.SYS
Info:     Unable to get status of file /Applications/zesarux.app/Contents/MacOS/SYS/ESXDOS.SYS
Debug:    ESXDOS handler: Error from esxdos_handler_call_f_open file: /Applications/zesarux.app/Contents/MacOS/SYS/ESXDOS.SYS
Debug:    Trying to flush SPI FLASH to disk but no changes made
Debug:    Trying to flush MMC to disk but no changes made
Info:     Releasing alt when losing window focus (to avoid alt pressed when alt-tab key combination pressed)
Debug:    Trying to flush SPI FLASH to disk but no changes made
Debug:    Trying to flush MMC to disk but no changes made
Debug:    Clearing layer menu
Info:     Clearing putpixel cache
Debug:    Clearing layer menu
Info:     Clearing putpixel cache
Debug:    Clearing layer menu
Info:     Clearing putpixel cache
Info:     End emulator
Info:     Writing configuration file
Debug:    Clearing layer menu
Info:     Clearing putpixel cache
Debug:    Clearing layer menu
Info:     Clearing putpixel cache
Info:     Closing aofile. But already closed
Info:     Closing vofile. But already closed
Info:     Closing zx printer bitmap file. But already closed
Info:     Closing zx printer OCR file. But already closed
Debug:    Trying to flush SPI FLASH to disk but no changes made
Debug:    Trying to flush MMC to disk but no changes made
Info:     Ending coreaudio audio driver
Info:     Disable gigascreen
Info:     Disable interlace
Info:     Setting putpixel functions to variable zoom
Info:     Clearing putpixel cache
Info:     Refreshing screen before fade out
Info:     Making fade out
Info:     Clearing putpixel cache
Debug:    Clearing Footer
Info:     Clearing putpixel cache
Debug:    Clearing Footer
Info:     Clearing putpixel cache
Debug:    Clearing Footer
Info:     Clearing putpixel cache
Debug:    Clearing Footer
Info:     Clearing putpixel cache
Debug:    Clearing Footer
Info:     Clearing putpixel cache
Debug:    Clearing Footer
Info:     Clearing putpixel cache
Debug:    Clearing Footer
Info:     Clearing putpixel cache
Debug:    Clearing Footer
Info:     Clearing putpixel cache
Debug:    Clearing Footer
Info:     Clearing putpixel cache
Debug:    Clearing Footer
Info:     Clearing putpixel cache
Debug:    Clearing Footer
Info:     Clearing putpixel cache
Debug:    Clearing Footer
Info:     Clearing putpixel cache
Debug:    Clearing Footer
Info:     Clearing putpixel cache
Debug:    Clearing Footer
Info:     Clearing putpixel cache
Debug:    Clearing Footer
Info:     Releasing alt when losing window focus (to avoid alt pressed when alt-tab key combination pressed)
Info:     Clearing putpixel cache
Debug:    Clearing Footer
Info:     Clearing putpixel cache
Debug:    Clearing Footer
Info:     Clearing putpixel cache
Debug:    Clearing Footer
Info:     Clearing putpixel cache
Debug:    Clearing Footer
Info:     Clearing putpixel cache
Debug:    Clearing Footer
Info:     Clearing putpixel cache
Debug:    Clearing Footer
Info:     Clearing putpixel cache
Debug:    Clearing Footer
Info:     Clearing putpixel cache
Debug:    Clearing Footer
Info:     Clearing putpixel cache
Debug:    Clearing Footer
Info:     Clearing putpixel cache
Debug:    Clearing Footer
Info:     Clearing putpixel cache
Debug:    Clearing Footer
Info:     Closing cocoa video driver
Debug:    Remove timer id 3
Info:     Stopping current timer as it has been deleted
Info:     Stopping Mac timer
Debug:    Stopped Mac timer
Debug:    Starting available timer as the current timer has been deleted
Debug:    Start timer. Available timers:
Debug:    Timer 0 Name: [date] ID timer 1
Debug:    Timer 1 Name: [usleep] ID timer 0
Debug:    Timer 2 Name: [end] ID timer 4
Debug:    Try available timers in order
Debug:    Trying date timer initialization
Info:     Initializing timer Date
